<?xml version="1.0" encoding="UTF-8"?>
<testsuite name="com.san.gtest.SpringBootGradleApp1ApplicationTests" tests="1" skipped="0" failures="0" errors="0" timestamp="2022-12-08T19:05:12" hostname="LAPTOP-4H1KSHNO" time="6.014">
  <properties/>
  <testcase name="contextLoads()" classname="com.san.gtest.SpringBootGradleApp1ApplicationTests" time="6.014"/>
  <system-out><![CDATA[00:34:47.839 [Test worker] DEBUG org.springframework.test.context.BootstrapUtils - Instantiating CacheAwareContextLoaderDelegate from class [org.springframework.test.context.cache.DefaultCacheAwareContextLoaderDelegate]
00:34:48.025 [Test worker] DEBUG org.springframework.test.context.BootstrapUtils - Instantiating BootstrapContext using constructor [public org.springframework.test.context.support.DefaultBootstrapContext(java.lang.Class,org.springframework.test.context.CacheAwareContextLoaderDelegate)]
00:34:48.411 [Test worker] DEBUG org.springframework.test.context.BootstrapUtils - Instantiating TestContextBootstrapper for test class [com.san.gtest.SpringBootGradleApp1ApplicationTests] from class [org.springframework.boot.test.context.SpringBootTestContextBootstrapper]
00:34:48.596 [Test worker] INFO org.springframework.boot.test.context.SpringBootTestContextBootstrapper - Neither @ContextConfiguration nor @ContextHierarchy found for test class [com.san.gtest.SpringBootGradleApp1ApplicationTests], using SpringBootContextLoader
00:34:48.656 [Test worker] DEBUG org.springframework.test.context.support.AbstractContextLoader - Did not detect default resource location for test class [com.san.gtest.SpringBootGradleApp1ApplicationTests]: class path resource [com/san/gtest/SpringBootGradleApp1ApplicationTests-context.xml] does not exist
00:34:48.668 [Test worker] DEBUG org.springframework.test.context.support.AbstractContextLoader - Did not detect default resource location for test class [com.san.gtest.SpringBootGradleApp1ApplicationTests]: class path resource [com/san/gtest/SpringBootGradleApp1ApplicationTestsContext.groovy] does not exist
00:34:48.668 [Test worker] INFO org.springframework.test.context.support.AbstractContextLoader - Could not detect default resource locations for test class [com.san.gtest.SpringBootGradleApp1ApplicationTests]: no resource found for suffixes {-context.xml, Context.groovy}.
00:34:48.675 [Test worker] INFO org.springframework.test.context.support.AnnotationConfigContextLoaderUtils - Could not detect default configuration classes for test class [com.san.gtest.SpringBootGradleApp1ApplicationTests]: SpringBootGradleApp1ApplicationTests does not declare any static, non-private, non-final, nested classes annotated with @Configuration.
00:34:49.303 [Test worker] DEBUG org.springframework.test.context.support.ActiveProfilesUtils - Could not find an 'annotation declaring class' for annotation type [org.springframework.test.context.ActiveProfiles] and class [com.san.gtest.SpringBootGradleApp1ApplicationTests]
00:34:49.938 [Test worker] DEBUG org.springframework.context.annotation.ClassPathScanningCandidateComponentProvider - Identified candidate component class: file [/mnt/c/Users/jai shankar/Desktop/CoreJavaWS/ABC-HRApp/Maven/SpringBootGradleApp1/build/classes/java/main/com/san/gtest/SpringBootGradleApp1Application.class]
00:34:49.958 [Test worker] INFO org.springframework.boot.test.context.SpringBootTestContextBootstrapper - Found @SpringBootConfiguration com.san.gtest.SpringBootGradleApp1Application for test class com.san.gtest.SpringBootGradleApp1ApplicationTests
00:34:51.544 [Test worker] DEBUG org.springframework.boot.test.context.SpringBootTestContextBootstrapper - @TestExecutionListeners is not present for class [com.san.gtest.SpringBootGradleApp1ApplicationTests]: using defaults.
00:34:51.551 [Test worker] INFO org.springframework.boot.test.context.SpringBootTestContextBootstrapper - Loaded default TestExecutionListener class names from location [META-INF/spring.factories]: [org.springframework.boot.test.autoconfigure.restdocs.RestDocsTestExecutionListener, org.springframework.boot.test.autoconfigure.web.client.MockRestServiceServerResetTestExecutionListener, org.springframework.boot.test.autoconfigure.web.servlet.MockMvcPrintOnlyOnFailureTestExecutionListener, org.springframework.boot.test.autoconfigure.web.servlet.WebDriverTestExecutionListener, org.springframework.boot.test.autoconfigure.webservices.client.MockWebServiceServerTestExecutionListener, org.springframework.boot.test.mock.mockito.MockitoTestExecutionListener, org.springframework.boot.test.mock.mockito.ResetMocksTestExecutionListener, org.springframework.test.context.web.ServletTestExecutionListener, org.springframework.test.context.support.DirtiesContextBeforeModesTestExecutionListener, org.springframework.test.context.event.ApplicationEventsTestExecutionListener, org.springframework.test.context.support.DependencyInjectionTestExecutionListener, org.springframework.test.context.support.DirtiesContextTestExecutionListener, org.springframework.test.context.transaction.TransactionalTestExecutionListener, org.springframework.test.context.jdbc.SqlScriptsTestExecutionListener, org.springframework.test.context.event.EventPublishingTestExecutionListener]
00:34:51.787 [Test worker] DEBUG org.springframework.boot.test.context.SpringBootTestContextBootstrapper - Skipping candidate TestExecutionListener [org.springframework.test.context.transaction.TransactionalTestExecutionListener] due to a missing dependency. Specify custom listener classes or make the default listener classes and their required dependencies available. Offending class: [org/springframework/transaction/interceptor/TransactionAttributeSource]
00:34:51.799 [Test worker] DEBUG org.springframework.boot.test.context.SpringBootTestContextBootstrapper - Skipping candidate TestExecutionListener [org.springframework.test.context.jdbc.SqlScriptsTestExecutionListener] due to a missing dependency. Specify custom listener classes or make the default listener classes and their required dependencies available. Offending class: [org/springframework/transaction/interceptor/TransactionAttribute]
00:34:51.800 [Test worker] INFO org.springframework.boot.test.context.SpringBootTestContextBootstrapper - Using TestExecutionListeners: [org.springframework.test.context.web.ServletTestExecutionListener@3fed681c, org.springframework.test.context.support.DirtiesContextBeforeModesTestExecutionListener@8c80d85, org.springframework.test.context.event.ApplicationEventsTestExecutionListener@50283d93, org.springframework.boot.test.mock.mockito.MockitoTestExecutionListener@1357c52a, org.springframework.boot.test.autoconfigure.SpringBootDependencyInjectionTestExecutionListener@472ef2d4, org.springframework.test.context.support.DirtiesContextTestExecutionListener@f427b91, org.springframework.test.context.event.EventPublishingTestExecutionListener@1e170b4f, org.springframework.boot.test.autoconfigure.restdocs.RestDocsTestExecutionListener@3344e332, org.springframework.boot.test.autoconfigure.web.client.MockRestServiceServerResetTestExecutionListener@3cc0fdc, org.springframework.boot.test.autoconfigure.web.servlet.MockMvcPrintOnlyOnFailureTestExecutionListener@1fce62c7, org.springframework.boot.test.autoconfigure.web.servlet.WebDriverTestExecutionListener@39254f02, org.springframework.boot.test.autoconfigure.webservices.client.MockWebServiceServerTestExecutionListener@2d6c6667, org.springframework.boot.test.mock.mockito.ResetMocksTestExecutionListener@4ebd3ef9]
00:34:51.918 [Test worker] DEBUG org.springframework.test.context.support.AbstractDirtiesContextTestExecutionListener - Before test class: context [DefaultTestContext@3029f53c testClass = SpringBootGradleApp1ApplicationTests, testInstance = [null], testMethod = [null], testException = [null], mergedContextConfiguration = [WebMergedContextConfiguration@2100f1a4 testClass = SpringBootGradleApp1ApplicationTests, locations = '{}', classes = '{class com.san.gtest.SpringBootGradleApp1Application}', contextInitializerClasses = '[]', activeProfiles = '{}', propertySourceLocations = '{}', propertySourceProperties = '{org.springframework.boot.test.context.SpringBootTestContextBootstrapper=true}', contextCustomizers = set[org.springframework.boot.test.autoconfigure.actuate.metrics.MetricsExportContextCustomizerFactory$DisableMetricExportContextCustomizer@6df56842, org.springframework.boot.test.autoconfigure.properties.PropertyMappingContextCustomizer@0, org.springframework.boot.test.autoconfigure.web.servlet.WebDriverContextCustomizerFactory$Customizer@5495cce, org.springframework.boot.test.context.filter.ExcludeFilterContextCustomizer@5e24782b, org.springframework.boot.test.json.DuplicateJsonObjectContextCustomizerFactory$DuplicateJsonObjectContextCustomizer@6cdc4279, org.springframework.boot.test.mock.mockito.MockitoContextCustomizer@0, org.springframework.boot.test.web.client.TestRestTemplateContextCustomizer@61f668f8, org.springframework.boot.test.context.SpringBootTestArgs@1, org.springframework.boot.test.context.SpringBootTestWebEnvironment@3c3b23cb], resourceBasePath = 'src/main/webapp', contextLoader = 'org.springframework.boot.test.context.SpringBootContextLoader', parent = [null]], attributes = map['org.springframework.test.context.web.ServletTestExecutionListener.activateListener' -> true]], class annotated with @DirtiesContext [false] with mode [null].

  .   ____          _            __ _ _
 /\\ / ___'_ __ _ _(_)_ __  __ _ \ \ \ \
( ( )\___ | '_ | '_| | '_ \/ _` | \ \ \ \
 \\/  ___)| |_)| | | | | || (_| |  ) ) ) )
  '  |____| .__|_| |_|_| |_\__, | / / / /
 =========|_|==============|___/=/_/_/_/
 :: Spring Boot ::                (v2.7.5)

2022-12-09 00:34:55.268  INFO 4137 --- [    Test worker] s.g.SpringBootGradleApp1ApplicationTests : Starting SpringBootGradleApp1ApplicationTests using Java 11.0.17 on LAPTOP-4H1KSHNO with PID 4137 (started by sangeetha in /mnt/c/Users/jai shankar/Desktop/CoreJavaWS/ABC-HRApp/Maven/SpringBootGradleApp1)
2022-12-09 00:34:55.272  INFO 4137 --- [    Test worker] s.g.SpringBootGradleApp1ApplicationTests : No active profile set, falling back to 1 default profile: "default"
2022-12-09 00:35:11.842  INFO 4137 --- [    Test worker] s.g.SpringBootGradleApp1ApplicationTests : Started SpringBootGradleApp1ApplicationTests in 19.371 seconds (JVM running for 27.87)
]]></system-out>
  <system-err><![CDATA[]]></system-err>
</testsuite>
